# Test run 2 - Tue Aug 19 18:51:34 UTC 2025
# Command: pytest tests/ -v

============================= test session starts ==============================
platform linux -- Python 3.10.12, pytest-8.4.1, pluggy-1.6.0 -- /home/dcapps/projects/ldap-admin/venv/bin/python3
cachedir: .pytest_cache
rootdir: /home/dcapps/projects/ldap-admin
plugins: cov-6.2.1, mock-3.14.1, flask-1.3.0
collecting ... collected 29 items

tests/test_authentication.py::TestAuthentication::test_login_page_loads PASSED [  3%]
tests/test_authentication.py::TestAuthentication::test_valid_login PASSED [  6%]
tests/test_authentication.py::TestAuthentication::test_invalid_login PASSED [ 10%]
tests/test_authentication.py::TestAuthentication::test_logout PASSED     [ 13%]
tests/test_authentication.py::TestAuthentication::test_session_management PASSED [ 17%]
tests/test_authentication.py::TestAuthentication::test_protected_route_without_auth PASSED [ 20%]
tests/test_authentication.py::TestAuthentication::test_protected_route_with_auth FAILED [ 24%]
tests/test_authentication.py::TestAuthentication::test_admin_required_routes FAILED [ 27%]
tests/test_authentication.py::TestAuthentication::test_password_reset_request FAILED [ 31%]
tests/test_basic.py::test_basic_functionality PASSED                     [ 34%]
tests/test_basic.py::test_app_creation PASSED                            [ 37%]
tests/test_basic.py::test_client_creation PASSED                         [ 41%]
tests/test_basic.py::test_sample_data PASSED                             [ 44%]
tests/test_basic.py::test_mock_ldap PASSED                               [ 48%]
tests/test_group_management.py::TestGroupManagement::test_group_list_page PASSED [ 51%]
tests/test_group_management.py::TestGroupManagement::test_add_group_form FAILED [ 55%]
tests/test_group_management.py::TestGroupManagement::test_group_membership FAILED [ 58%]
tests/test_group_management.py::TestGroupManagement::test_group_validation PASSED [ 62%]
tests/test_group_management.py::TestGroupManagement::test_group_search PASSED [ 65%]
tests/test_group_management.py::TestGroupManagement::test_group_edit FAILED [ 68%]
tests/test_group_management.py::TestGroupManagement::test_group_delete FAILED [ 72%]
tests/test_group_management.py::TestGroupManagement::test_nested_groups PASSED [ 75%]
tests/test_user_management.py::TestUserManagement::test_user_list_page PASSED [ 79%]
tests/test_user_management.py::TestUserManagement::test_add_user_form FAILED [ 82%]
tests/test_user_management.py::TestUserManagement::test_user_validation PASSED [ 86%]
tests/test_user_management.py::TestUserManagement::test_password_strength PASSED [ 89%]
tests/test_user_management.py::TestUserManagement::test_user_search PASSED [ 93%]
tests/test_user_management.py::TestUserManagement::test_user_edit FAILED [ 96%]
tests/test_user_management.py::TestUserManagement::test_user_delete FAILED [100%]

=================================== FAILURES ===================================
______________ TestAuthentication.test_protected_route_with_auth _______________

self = <tests.test_authentication.TestAuthentication object at 0x7fae75438af0>
authenticated_client = <FlaskClient <Flask 'app'>>

    def test_protected_route_with_auth(self, authenticated_client):
        """Test accessing protected route with authentication."""
        response = authenticated_client.get('/dashboard')
>       assert response.status_code in [200, 302]
E       assert 404 in [200, 302]
E        +  where 404 = <WrapperTestResponse streamed [404 NOT FOUND]>.status_code

tests/test_authentication.py:70: AssertionError
________________ TestAuthentication.test_admin_required_routes _________________

self = <tests.test_authentication.TestAuthentication object at 0x7fae75438d60>
client = <FlaskClient <Flask 'app'>>
mock_ldap_connection = <Mock name='Connection()' id='140387248944176'>

    def test_admin_required_routes(self, client, mock_ldap_connection):
        """Test routes that require admin privileges."""
        # Test without admin privileges
        with client.session_transaction() as sess:
            sess['user'] = 'regularuser'
            sess['authenticated'] = True
            sess['is_admin'] = False
    
        response = client.get('/admin')
>       assert response.status_code in [302, 403]
E       assert 404 in [302, 403]
E        +  where 404 = <WrapperTestResponse streamed [404 NOT FOUND]>.status_code

tests/test_authentication.py:81: AssertionError
________________ TestAuthentication.test_password_reset_request ________________

self = <tests.test_authentication.TestAuthentication object at 0x7fae75438fa0>
client = <FlaskClient <Flask 'app'>>

    def test_password_reset_request(self, client):
        """Test password reset request."""
        reset_data = {'email': 'user@example.com'}
        response = client.post('/reset_password', data=reset_data)
>       assert response.status_code in [200, 302]
E       assert 404 in [200, 302]
E        +  where 404 = <WrapperTestResponse streamed [404 NOT FOUND]>.status_code

tests/test_authentication.py:87: AssertionError
___________________ TestGroupManagement.test_add_group_form ____________________

self = <tests.test_group_management.TestGroupManagement object at 0x7fae75438970>
client = <FlaskClient <Flask 'app'>>
mock_ldap_connection = <Mock name='Connection()' id='140387250238176'>

    def test_add_group_form(self, client, mock_ldap_connection):
        """Test add group form submission."""
        group_data = {
            'name': 'newgroup',
            'description': 'New Test Group',
            'members': ['user1', 'user2']
        }
    
        with patch('app.get_ldap_connection', return_value=mock_ldap_connection):
            response = client.post('/add_group', data=group_data)
>           assert response.status_code in [200, 302]
E           assert 404 in [200, 302]
E            +  where 404 = <WrapperTestResponse streamed [404 NOT FOUND]>.status_code

tests/test_group_management.py:30: AssertionError
__________________ TestGroupManagement.test_group_membership ___________________

self = <tests.test_group_management.TestGroupManagement object at 0x7fae75439f60>
client = <FlaskClient <Flask 'app'>>
mock_ldap_connection = <Mock name='Connection()' id='140387249140592'>
sample_group_data = {'description': 'Test Group Description', 'members': ['testuser1', 'testuser2'], 'name': 'testgroup'}

    def test_group_membership(self, client, mock_ldap_connection, sample_group_data):
        """Test group membership management."""
        # Test adding user to group
        membership_data = {
            'group': sample_group_data['name'],
            'user': 'newuser',
            'action': 'add'
        }
    
        with patch('app.get_ldap_connection', return_value=mock_ldap_connection):
            response = client.post('/manage_membership', data=membership_data)
>           assert response.status_code in [200, 302]
E           assert 404 in [200, 302]
E            +  where 404 = <WrapperTestResponse streamed [404 NOT FOUND]>.status_code

tests/test_group_management.py:43: AssertionError
_____________________ TestGroupManagement.test_group_edit ______________________

self = <tests.test_group_management.TestGroupManagement object at 0x7fae7543a680>
client = <FlaskClient <Flask 'app'>>
mock_ldap_connection = <Mock name='Connection()' id='140387249128496'>

    def test_group_edit(self, client, mock_ldap_connection):
        """Test group editing."""
        edit_data = {
            'description': 'Updated Group Description',
            'members': ['user1', 'user2', 'user3']
        }
    
        with patch('app.get_ldap_connection', return_value=mock_ldap_connection):
            response = client.post('/edit_group/testgroup', data=edit_data)
>           assert response.status_code in [200, 302]
E           assert 404 in [200, 302]
E            +  where 404 = <WrapperTestResponse streamed [404 NOT FOUND]>.status_code

tests/test_group_management.py:66: AssertionError
____________________ TestGroupManagement.test_group_delete _____________________

self = <tests.test_group_management.TestGroupManagement object at 0x7fae7543a8f0>
client = <FlaskClient <Flask 'app'>>
mock_ldap_connection = <Mock name='Connection()' id='140387250396736'>

    def test_group_delete(self, client, mock_ldap_connection):
        """Test group deletion."""
        with patch('app.get_ldap_connection', return_value=mock_ldap_connection):
            response = client.post('/delete_group/testgroup')
>           assert response.status_code in [200, 302]
E           assert 404 in [200, 302]
E            +  where 404 = <WrapperTestResponse streamed [404 NOT FOUND]>.status_code

tests/test_group_management.py:72: AssertionError
____________________ TestUserManagement.test_add_user_form _____________________

self = <tests.test_user_management.TestUserManagement object at 0x7fae7543b280>
client = <FlaskClient <Flask 'app'>>
mock_ldap_connection = <Mock name='Connection()' id='140387250229200'>

    def test_add_user_form(self, client, mock_ldap_connection):
        """Test add user form submission."""
        user_data = {
            'username': 'newuser',
            'email': 'newuser@example.com',
            'first_name': 'New',
            'last_name': 'User',
            'password': 'SecurePass123!',
            'confirm_password': 'SecurePass123!'
        }
    
        with patch('app.get_ldap_connection', return_value=mock_ldap_connection):
            response = client.post('/add_user', data=user_data, follow_redirects=True)
            # Should either succeed or redirect to login
>           assert response.status_code == 200
E           assert 404 == 200
E            +  where 404 = <WrapperTestResponse streamed [404 NOT FOUND]>.status_code

tests/test_user_management.py:36: AssertionError
______________________ TestUserManagement.test_user_edit _______________________

self = <tests.test_user_management.TestUserManagement object at 0x7fae7543bbe0>
client = <FlaskClient <Flask 'app'>>
mock_ldap_connection = <Mock name='Connection()' id='140387249177744'>

    def test_user_edit(self, client, mock_ldap_connection):
        """Test user editing."""
        edit_data = {
            'email': 'updated@example.com',
            'first_name': 'Updated',
            'last_name': 'User'
        }
    
        with patch('app.get_ldap_connection', return_value=mock_ldap_connection):
            response = client.post('/edit_user/testuser', data=edit_data)
>           assert response.status_code in [200, 302]
E           assert 404 in [200, 302]
E            +  where 404 = <WrapperTestResponse streamed [404 NOT FOUND]>.status_code

tests/test_user_management.py:74: AssertionError
_____________________ TestUserManagement.test_user_delete ______________________

self = <tests.test_user_management.TestUserManagement object at 0x7fae7543be50>
client = <FlaskClient <Flask 'app'>>
mock_ldap_connection = <Mock name='Connection()' id='140387249369248'>

    def test_user_delete(self, client, mock_ldap_connection):
        """Test user deletion."""
        with patch('app.get_ldap_connection', return_value=mock_ldap_connection):
            response = client.post('/delete_user/testuser')
>           assert response.status_code in [200, 302]
E           assert 404 in [200, 302]
E            +  where 404 = <WrapperTestResponse streamed [404 NOT FOUND]>.status_code

tests/test_user_management.py:80: AssertionError
=============================== warnings summary ===============================
tests/test_authentication.py::TestAuthentication::test_login_page_loads
tests/test_authentication.py::TestAuthentication::test_login_page_loads
  /home/dcapps/projects/ldap-admin/venv/lib/python3.10/site-packages/flask_wtf/recaptcha/widgets.py:2: DeprecationWarning: 'flask.Markup' is deprecated and will be removed in Flask 2.4. Import 'markupsafe.Markup' instead.
    from flask import Markup

tests/test_authentication.py::TestAuthentication::test_login_page_loads
  /home/dcapps/projects/ldap-admin/venv/lib/python3.10/site-packages/pyasn1/codec/ber/encoder.py:952: DeprecationWarning: tagMap is deprecated. Please use TAG_MAP instead.
    warnings.warn(f"{attr} is deprecated. Please use {newAttr} instead.", DeprecationWarning)

tests/test_authentication.py::TestAuthentication::test_login_page_loads
  /home/dcapps/projects/ldap-admin/venv/lib/python3.10/site-packages/pyasn1/codec/ber/encoder.py:952: DeprecationWarning: typeMap is deprecated. Please use TYPE_MAP instead.
    warnings.warn(f"{attr} is deprecated. Please use {newAttr} instead.", DeprecationWarning)

tests/test_authentication.py::TestAuthentication::test_login_page_loads
  /home/dcapps/projects/ldap-admin/venv/lib/python3.10/site-packages/flask_limiter/extension.py:336: UserWarning: Using the in-memory storage for tracking rate limits as no storage was explicitly specified. This is not recommended for production use. See: https://flask-limiter.readthedocs.io#configuring-a-storage-backend for documentation about configuring the storage backend.
    warnings.warn(

-- Docs: https://docs.pytest.org/en/stable/how-to/capture-warnings.html
=========================== short test summary info ============================
FAILED tests/test_authentication.py::TestAuthentication::test_protected_route_with_auth
FAILED tests/test_authentication.py::TestAuthentication::test_admin_required_routes
FAILED tests/test_authentication.py::TestAuthentication::test_password_reset_request
FAILED tests/test_group_management.py::TestGroupManagement::test_add_group_form
FAILED tests/test_group_management.py::TestGroupManagement::test_group_membership
FAILED tests/test_group_management.py::TestGroupManagement::test_group_edit
FAILED tests/test_group_management.py::TestGroupManagement::test_group_delete
FAILED tests/test_user_management.py::TestUserManagement::test_add_user_form
FAILED tests/test_user_management.py::TestUserManagement::test_user_edit - as...
FAILED tests/test_user_management.py::TestUserManagement::test_user_delete - ...
================== 10 failed, 19 passed, 5 warnings in 1.67s ===================

# End of test run 2 - Tue Aug 19 18:51:36 UTC 2025
